T3DCAB780 000:000.570   SEGGER J-Link V7.92j Log File
T3DCAB780 000:000.680   DLL Compiled: Oct 12 2023 14:44:14
T3DCAB780 000:000.684   Logging started @ 2024-03-20 12:22
T3DCAB780 000:000.689   Process: /home/rahult/.eclipse/com.renesas.platform_1291152805/DebugComp/RA/e2-server-gdb
T3DCAB780 000:000.694 - 0.693ms
T3DCAB780 000:000.699 JLINK_GetDLLVersion()
T3DCAB780 000:000.704 - 0.005ms returns 79210
T3DCAB780 000:000.947 JLINK_OpenEx(...)
T3DCAB780 000:210.956   Firmware: J-Link OB-RA4M2 compiled Jan 17 2024 14:57:14
T3DCAB780 000:211.281   Firmware: J-Link OB-RA4M2 compiled Jan 17 2024 14:57:14
T3DCAB780 000:224.006   Hardware: V1.00
T3DCAB780 000:224.038   S/N: 1089120149
T3DCAB780 000:224.044   OEM: SEGGER
T3DCAB780 000:224.050   Feature(s): None
T3DCAB780 000:224.601   Bootloader: 2021 May 14
T3DCAB780 000:224.992   USB speed mode: Full speed (12 MBit/s)
T3DCAB780 000:225.379   TELNET listener socket opened on port 19021
T3DCAB780 000:225.437   WEBSRV WEBSRV_Init(): Starting webserver thread(s)
T3DCAB780 000:225.502   WEBSRV Webserver running on local port 19080
T3DCAB780 000:225.518   Looking for J-Link GUI Server exe at: ARM/Segger_v7.92.10/JLinkGUIServerExe
T3DCAB780 000:225.526   Looking for J-Link GUI Server exe at: /opt/SEGGER/JLink/JLinkGUIServerExe
T3DCAB780 000:225.536   Forking J-Link GUI Server: /opt/SEGGER/JLink/JLinkGUIServerExe
T3DCAB780 000:242.369   J-Link GUI Server info: "J-Link GUI server V7.92h "
T3DCAB780 000:242.807 - 241.848ms returns "O.K."
T3DCAB780 000:242.844 JLINK_TIF_Select(JLINKARM_TIF_SWD)
T3DCAB780 000:243.255 - 0.410ms returns 0x00
T3DCAB780 000:243.278 JLINK_ClrRESET()
T3DCAB780 000:243.423 - 0.145ms
T3DCAB780 000:293.505 JLINK_SetSpeed(1500)
T3DCAB780 000:293.611 - 0.106ms
T3DCAB780 000:293.620 JLINK_CORESIGHT_Configure(PerformTIFInit=0)
T3DCAB780 000:294.057 - 0.437ms returns 0
T3DCAB780 000:294.065 JLINK_CORESIGHT_ReadAPDPReg(DP reg 0x00)
T3DCAB780 000:294.537   Value=0x6BA02477
T3DCAB780 000:294.548 - 0.483ms returns 0
T3DCAB780 000:294.557 JLINK_CORESIGHT_WriteAPDPReg(DP reg 0x00, 0x0000001F)
T3DCAB780 000:294.755 - 0.198ms returns 0
T3DCAB780 000:294.763 JLINK_CORESIGHT_ReadAPDPReg(DP reg 0x00)
T3DCAB780 000:295.022   Value=0x6BA02477
T3DCAB780 000:295.030 - 0.268ms returns 0
T3DCAB780 000:295.036 JLINK_CORESIGHT_WriteAPDPReg(DP reg 0x02, 0x00000000)
T3DCAB780 000:295.225 - 0.188ms returns 0
T3DCAB780 000:295.232 JLINK_CORESIGHT_WriteAPDPReg(DP reg 0x01, 0x50000000)
T3DCAB780 000:295.418 - 0.186ms returns 0
T3DCAB780 000:295.448 JLINK_CORESIGHT_ReadAPDPReg(DP reg 0x01)
T3DCAB780 000:295.668   Value=0xF0000040
T3DCAB780 000:295.677 - 0.230ms returns 0
T3DCAB780 000:295.684 JLINK_CORESIGHT_WriteAPDPReg(DP reg 0x00, 0x0000001F)
T3DCAB780 000:295.895 - 0.212ms returns 0
T3DCAB780 000:295.902 JLINK_CORESIGHT_ReadAPDPReg(DP reg 0x00)
T3DCAB780 000:296.091   Value=0x6BA02477
T3DCAB780 000:296.102 - 0.200ms returns 0
T3DCAB780 000:296.108 JLINK_CORESIGHT_WriteAPDPReg(DP reg 0x01, 0x54000000)
T3DCAB780 000:296.318 - 0.210ms returns 0
T3DCAB780 000:296.325 JLINK_CORESIGHT_WriteAPDPReg(DP reg 0x01, 0x50000F00)
T3DCAB780 000:296.556 - 0.231ms returns 0
T3DCAB780 000:296.563 JLINK_CORESIGHT_WriteAPDPReg(DP reg 0x02, 0x01000000)
T3DCAB780 000:296.819 - 0.256ms returns 0
T3DCAB780 000:296.826 JLINK_CORESIGHT_WriteAPDPReg(AP reg 0x00, 0x80000002)
T3DCAB780 000:296.989 - 0.163ms returns 0
T3DCAB780 000:296.996 JLINK_CORESIGHT_WriteAPDPReg(AP reg 0x01, 0x80011100)
T3DCAB780 000:297.189 - 0.193ms returns 0
T3DCAB780 000:297.197 JLINK_CORESIGHT_WriteAPDPReg(AP reg 0x03, 0x000000A5)
T3DCAB780 000:297.384 - 0.187ms returns 0
T3DCAB780 000:297.391 JLINK_CORESIGHT_WriteAPDPReg(AP reg 0x00, 0x80000002)
T3DCAB780 000:297.614 - 0.224ms returns 0
T3DCAB780 000:297.621 JLINK_CORESIGHT_WriteAPDPReg(AP reg 0x01, 0x80011100)
T3DCAB780 000:297.803 - 0.182ms returns 0
T3DCAB780 000:297.810 JLINK_CORESIGHT_ReadAPDPReg(AP reg 0x03)
T3DCAB780 000:298.067   Value=0x000000A5
T3DCAB780 000:298.076 - 0.267ms returns 0
T3DCAB780 000:298.083 JLINK_ClrTMS()
T3DCAB780 000:298.172 - 0.089ms
T3DCAB780 000:303.247 JLINK_SetTCK()
T3DCAB780 000:303.337 - 0.091ms returns 0
T3DCAB780 000:308.419 JLINK_SetRESET()
T3DCAB780 000:308.480 - 0.061ms
T3DCAB780 000:508.565 JLINK_CORESIGHT_WriteAPDPReg(AP reg 0x00, 0x80000002)
T3DCAB780 000:508.879 - 0.315ms returns 0
T3DCAB780 000:508.893 JLINK_CORESIGHT_WriteAPDPReg(AP reg 0x01, 0x80011100)
T3DCAB780 000:509.221 - 0.327ms returns 0
T3DCAB780 000:509.232 JLINK_CORESIGHT_ReadAPDPReg(AP reg 0x03)
T3DCAB780 000:509.543   Value=0x00000000
T3DCAB780 000:509.556 - 0.324ms returns 0
T3DCAB780 000:509.563 JLINK_CORESIGHT_WriteAPDPReg(AP reg 0x00, 0x80000002)
T3DCAB780 000:509.757 - 0.195ms returns 0
T3DCAB780 000:509.763 JLINK_CORESIGHT_WriteAPDPReg(AP reg 0x01, 0x80011140)
T3DCAB780 000:509.992 - 0.230ms returns 0
T3DCAB780 000:509.997 JLINK_CORESIGHT_ReadAPDPReg(AP reg 0x03)
T3DCAB780 000:510.313   Value=0x00000002
T3DCAB780 000:510.318 - 0.321ms returns 0
T3DCAB780 000:510.323 JLINK_CORESIGHT_WriteAPDPReg(AP reg 0x00, 0x80000002)
T3DCAB780 000:510.575 - 0.253ms returns 0
T3DCAB780 000:510.579 JLINK_CORESIGHT_WriteAPDPReg(AP reg 0x01, 0x80011120)
T3DCAB780 000:510.744 - 0.165ms returns 0
T3DCAB780 000:510.748 JLINK_CORESIGHT_WriteAPDPReg(AP reg 0x03, 0x00000055)
T3DCAB780 000:510.930 - 0.182ms returns 0
T3DCAB780 000:510.934 JLINK_CORESIGHT_WriteAPDPReg(AP reg 0x00, 0x80000002)
T3DCAB780 000:511.161 - 0.227ms returns 0
T3DCAB780 000:511.165 JLINK_CORESIGHT_WriteAPDPReg(AP reg 0x01, 0x80011140)
T3DCAB780 000:511.427 - 0.262ms returns 0
T3DCAB780 000:511.431 JLINK_CORESIGHT_ReadAPDPReg(AP reg 0x03)
T3DCAB780 000:511.639   Value=0x00000000
T3DCAB780 000:511.644 - 0.213ms returns 0
T3DCAB780 000:511.648 JLINK_CORESIGHT_WriteAPDPReg(AP reg 0x00, 0x80000002)
T3DCAB780 000:511.903 - 0.255ms returns 0
T3DCAB780 000:511.907 JLINK_CORESIGHT_WriteAPDPReg(AP reg 0x01, 0x80011130)
T3DCAB780 000:512.179 - 0.272ms returns 0
T3DCAB780 000:512.187 JLINK_CORESIGHT_ReadAPDPReg(AP reg 0x03)
T3DCAB780 000:512.394   Value=0x000000C6
T3DCAB780 000:512.399 - 0.212ms returns 0
T3DCAB780 000:512.409 JLINK_CORESIGHT_WriteAPDPReg(AP reg 0x00, 0x80000002)
T3DCAB780 000:512.616 - 0.207ms returns 0
T3DCAB780 000:512.620 JLINK_CORESIGHT_WriteAPDPReg(AP reg 0x01, 0x80011140)
T3DCAB780 000:512.881 - 0.261ms returns 0
T3DCAB780 000:512.885 JLINK_CORESIGHT_ReadAPDPReg(AP reg 0x03)
T3DCAB780 000:513.163   Value=0x00000002
T3DCAB780 000:513.169 - 0.283ms returns 0
T3DCAB780 000:513.172 JLINK_CORESIGHT_WriteAPDPReg(AP reg 0x00, 0x80000002)
T3DCAB780 000:513.403 - 0.231ms returns 0
T3DCAB780 000:513.407 JLINK_CORESIGHT_WriteAPDPReg(AP reg 0x01, 0x80011120)
T3DCAB780 000:513.642 - 0.234ms returns 0
T3DCAB780 000:513.645 JLINK_CORESIGHT_WriteAPDPReg(AP reg 0x03, 0x3A010001)
T3DCAB780 000:513.903 - 0.258ms returns 0
T3DCAB780 000:513.907 JLINK_CORESIGHT_WriteAPDPReg(AP reg 0x00, 0x80000002)
T3DCAB780 000:514.159 - 0.253ms returns 0
T3DCAB780 000:514.163 JLINK_CORESIGHT_WriteAPDPReg(AP reg 0x01, 0x80011140)
T3DCAB780 000:514.371 - 0.209ms returns 0
T3DCAB780 000:514.375 JLINK_CORESIGHT_ReadAPDPReg(AP reg 0x03)
T3DCAB780 000:514.582   Value=0x00000002
T3DCAB780 000:514.587 - 0.213ms returns 0
T3DCAB780 000:514.591 JLINK_CORESIGHT_WriteAPDPReg(AP reg 0x00, 0x80000002)
T3DCAB780 000:514.848 - 0.258ms returns 0
T3DCAB780 000:514.868 JLINK_CORESIGHT_WriteAPDPReg(AP reg 0x01, 0x80011120)
T3DCAB780 000:515.155 - 0.286ms returns 0
T3DCAB780 000:515.163 JLINK_CORESIGHT_WriteAPDPReg(AP reg 0x03, 0x000003C5)
T3DCAB780 000:520.016 - 4.852ms returns 0
T3DCAB780 000:520.055 JLINK_CORESIGHT_WriteAPDPReg(AP reg 0x00, 0x80000002)
T3DCAB780 000:531.665 - 11.609ms returns 0
T3DCAB780 000:531.712 JLINK_CORESIGHT_WriteAPDPReg(AP reg 0x01, 0x80011140)
T3DCAB780 000:531.886 - 0.174ms returns 0
T3DCAB780 000:531.911 JLINK_CORESIGHT_ReadAPDPReg(AP reg 0x03)
T3DCAB780 000:532.163   Value=0x00000002
T3DCAB780 000:532.170 - 0.259ms returns 0
T3DCAB780 000:532.175 JLINK_CORESIGHT_ReadAPDPReg(AP reg 0x03)
T3DCAB780 000:532.448   Value=0x00000002
T3DCAB780 000:532.472 - 0.298ms returns 0
T3DCAB780 000:532.478 JLINK_CORESIGHT_ReadAPDPReg(AP reg 0x03)
T3DCAB780 000:532.686   Value=0x00000002
T3DCAB780 000:532.691 - 0.213ms returns 0
T3DCAB780 000:532.695 JLINK_CORESIGHT_ReadAPDPReg(AP reg 0x03)
T3DCAB780 000:533.030   Value=0x00000002
T3DCAB780 000:533.050 - 0.355ms returns 0
T3DCAB780 000:533.054 JLINK_CORESIGHT_ReadAPDPReg(AP reg 0x03)
T3DCAB780 000:533.425   Value=0x00000002
T3DCAB780 000:533.438 - 0.383ms returns 0
T3DCAB780 000:533.444 JLINK_CORESIGHT_ReadAPDPReg(AP reg 0x03)
T3DCAB780 000:533.691   Value=0x00000002
T3DCAB780 000:533.696 - 0.252ms returns 0
T3DCAB780 000:533.700 JLINK_CORESIGHT_ReadAPDPReg(AP reg 0x03)
T3DCAB780 000:533.915   Value=0x00000002
T3DCAB780 000:533.919 - 0.219ms returns 0
T3DCAB780 000:533.923 JLINK_CORESIGHT_ReadAPDPReg(AP reg 0x03)
T3DCAB780 000:534.151   Value=0x00000002
T3DCAB780 000:534.156 - 0.233ms returns 0
T3DCAB780 000:534.160 JLINK_CORESIGHT_ReadAPDPReg(AP reg 0x03)
T3DCAB780 000:534.425   Value=0x00000002
T3DCAB780 000:534.430 - 0.270ms returns 0
T3DCAB780 000:534.434 JLINK_CORESIGHT_ReadAPDPReg(AP reg 0x03)
T3DCAB780 000:534.675   Value=0x00000002
T3DCAB780 000:534.681 - 0.247ms returns 0
T3DCAB780 000:534.685 JLINK_CORESIGHT_ReadAPDPReg(AP reg 0x03)
T3DCAB780 000:534.914   Value=0x00000002
T3DCAB780 000:534.919 - 0.233ms returns 0
T3DCAB780 000:534.923 JLINK_CORESIGHT_ReadAPDPReg(AP reg 0x03)
T3DCAB780 000:535.151   Value=0x00000000
T3DCAB780 000:535.156 - 0.233ms returns 0
T3DCAB780 000:535.160 JLINK_CORESIGHT_WriteAPDPReg(AP reg 0x00, 0x80000002)
T3DCAB780 000:535.350 - 0.190ms returns 0
T3DCAB780 000:535.355 JLINK_CORESIGHT_WriteAPDPReg(AP reg 0x01, 0x80011130)
T3DCAB780 000:535.562 - 0.207ms returns 0
T3DCAB780 000:535.566 JLINK_CORESIGHT_ReadAPDPReg(AP reg 0x03)
T3DCAB780 000:535.798   Value=0x3A2A0081
T3DCAB780 000:535.803 - 0.237ms returns 0
T3DCAB780 000:535.807 JLINK_CORESIGHT_WriteAPDPReg(AP reg 0x00, 0x80000002)
T3DCAB780 000:535.968 - 0.161ms returns 0
T3DCAB780 000:535.973 JLINK_CORESIGHT_WriteAPDPReg(AP reg 0x01, 0x80011140)
T3DCAB780 000:536.157 - 0.184ms returns 0
T3DCAB780 000:536.162 JLINK_CORESIGHT_ReadAPDPReg(AP reg 0x03)
T3DCAB780 000:536.413   Value=0x00000000
T3DCAB780 000:536.418 - 0.257ms returns 0
T3DCAB780 000:536.422 JLINK_CORESIGHT_WriteAPDPReg(AP reg 0x00, 0x80000002)
T3DCAB780 000:536.581 - 0.159ms returns 0
T3DCAB780 000:536.585 JLINK_CORESIGHT_WriteAPDPReg(AP reg 0x01, 0x80011130)
T3DCAB780 000:536.845 - 0.260ms returns 0
T3DCAB780 000:536.849 JLINK_CORESIGHT_ReadAPDPReg(AP reg 0x03)
T3DCAB780 000:537.152   Value=0x808D5B00
T3DCAB780 000:537.158 - 0.309ms returns 0
T3DCAB780 000:537.164 JLINK_CORESIGHT_WriteAPDPReg(AP reg 0x00, 0x80000002)
T3DCAB780 000:537.348 - 0.184ms returns 0
T3DCAB780 000:537.353 JLINK_CORESIGHT_WriteAPDPReg(AP reg 0x01, 0x80011140)
T3DCAB780 000:537.539 - 0.186ms returns 0
T3DCAB780 000:537.543 JLINK_CORESIGHT_ReadAPDPReg(AP reg 0x03)
T3DCAB780 000:537.800   Value=0x00000000
T3DCAB780 000:537.805 - 0.262ms returns 0
T3DCAB780 000:537.809 JLINK_CORESIGHT_WriteAPDPReg(AP reg 0x00, 0x80000002)
T3DCAB780 000:538.170 - 0.360ms returns 0
T3DCAB780 000:538.191 JLINK_CORESIGHT_WriteAPDPReg(AP reg 0x01, 0x80011130)
T3DCAB780 000:538.378 - 0.187ms returns 0
T3DCAB780 000:538.382 JLINK_CORESIGHT_ReadAPDPReg(AP reg 0x03)
T3DCAB780 000:538.634   Value=0x0503030B
T3DCAB780 000:538.639 - 0.257ms returns 0
T3DCAB780 000:538.644 JLINK_CORESIGHT_WriteAPDPReg(AP reg 0x00, 0x80000002)
T3DCAB780 000:538.879 - 0.235ms returns 0
T3DCAB780 000:538.884 JLINK_CORESIGHT_WriteAPDPReg(AP reg 0x01, 0x80011140)
T3DCAB780 000:539.158 - 0.274ms returns 0
T3DCAB780 000:539.163 JLINK_CORESIGHT_ReadAPDPReg(AP reg 0x03)
T3DCAB780 000:539.401   Value=0x00000000
T3DCAB780 000:539.407 - 0.243ms returns 0
T3DCAB780 000:539.411 JLINK_CORESIGHT_WriteAPDPReg(AP reg 0x00, 0x80000002)
T3DCAB780 000:539.646 - 0.235ms returns 0
T3DCAB780 000:539.651 JLINK_CORESIGHT_WriteAPDPReg(AP reg 0x01, 0x80011130)
T3DCAB780 000:539.880 - 0.230ms returns 0
T3DCAB780 000:539.895 JLINK_CORESIGHT_ReadAPDPReg(AP reg 0x03)
T3DCAB780 000:540.193   Value=0x2E4B4E1C
T3DCAB780 000:540.200 - 0.304ms returns 0
T3DCAB780 000:540.204 JLINK_CORESIGHT_WriteAPDPReg(AP reg 0x00, 0x80000002)
T3DCAB780 000:540.470 - 0.266ms returns 0
T3DCAB780 000:540.475 JLINK_CORESIGHT_WriteAPDPReg(AP reg 0x01, 0x80011140)
T3DCAB780 000:540.662 - 0.188ms returns 0
T3DCAB780 000:540.667 JLINK_CORESIGHT_ReadAPDPReg(AP reg 0x03)
T3DCAB780 000:540.879   Value=0x00000000
T3DCAB780 000:540.884 - 0.217ms returns 0
T3DCAB780 000:540.889 JLINK_CORESIGHT_WriteAPDPReg(AP reg 0x00, 0x80000002)
T3DCAB780 000:541.162 - 0.273ms returns 0
T3DCAB780 000:541.166 JLINK_CORESIGHT_WriteAPDPReg(AP reg 0x01, 0x80011130)
T3DCAB780 000:541.424 - 0.258ms returns 0
T3DCAB780 000:541.429 JLINK_CORESIGHT_ReadAPDPReg(AP reg 0x03)
T3DCAB780 000:541.638   Value=0x4E97553E
T3DCAB780 000:541.643 - 0.214ms returns 0
T3DCAB780 000:541.647 JLINK_CORESIGHT_WriteAPDPReg(AP reg 0x00, 0x80000002)
T3DCAB780 000:541.879 - 0.232ms returns 0
T3DCAB780 000:541.884 JLINK_CORESIGHT_WriteAPDPReg(AP reg 0x01, 0x80011140)
T3DCAB780 000:542.160 - 0.277ms returns 0
T3DCAB780 000:542.166 JLINK_CORESIGHT_ReadAPDPReg(AP reg 0x03)
T3DCAB780 000:542.460   Value=0x00000000
T3DCAB780 000:542.476 - 0.310ms returns 0
T3DCAB780 000:542.481 JLINK_CORESIGHT_WriteAPDPReg(AP reg 0x00, 0x80000002)
T3DCAB780 000:542.639 - 0.158ms returns 0
T3DCAB780 000:542.644 JLINK_CORESIGHT_WriteAPDPReg(AP reg 0x01, 0x80011130)
T3DCAB780 000:542.826 - 0.182ms returns 0
T3DCAB780 000:542.831 JLINK_CORESIGHT_ReadAPDPReg(AP reg 0x03)
T3DCAB780 000:543.190   Value=0x34503036
T3DCAB780 000:543.198 - 0.367ms returns 0
T3DCAB780 000:543.204 JLINK_CORESIGHT_WriteAPDPReg(AP reg 0x00, 0x80000002)
T3DCAB780 000:543.403 - 0.199ms returns 0
T3DCAB780 000:543.408 JLINK_CORESIGHT_WriteAPDPReg(AP reg 0x01, 0x80011140)
T3DCAB780 000:543.592 - 0.184ms returns 0
T3DCAB780 000:543.598 JLINK_CORESIGHT_ReadAPDPReg(AP reg 0x03)
T3DCAB780 000:543.880   Value=0x00000000
T3DCAB780 000:543.910 - 0.311ms returns 0
T3DCAB780 000:543.916 JLINK_CORESIGHT_WriteAPDPReg(AP reg 0x00, 0x80000002)
T3DCAB780 000:544.075 - 0.158ms returns 0
T3DCAB780 000:544.080 JLINK_CORESIGHT_WriteAPDPReg(AP reg 0x01, 0x80011130)
T3DCAB780 000:544.286 - 0.205ms returns 0
T3DCAB780 000:544.291 JLINK_CORESIGHT_ReadAPDPReg(AP reg 0x03)
T3DCAB780 000:544.549   Value=0x7D012D35
T3DCAB780 000:544.555 - 0.264ms returns 0
T3DCAB780 000:544.560 JLINK_CORESIGHT_WriteAPDPReg(AP reg 0x00, 0x80000002)
T3DCAB780 000:544.744 - 0.184ms returns 0
T3DCAB780 000:544.751 JLINK_CORESIGHT_WriteAPDPReg(AP reg 0x01, 0x80011140)
T3DCAB780 000:544.910 - 0.160ms returns 0
T3DCAB780 000:544.916 JLINK_CORESIGHT_ReadAPDPReg(AP reg 0x03)
T3DCAB780 000:545.162   Value=0x00000000
T3DCAB780 000:545.168 - 0.253ms returns 0
T3DCAB780 000:545.172 JLINK_CORESIGHT_WriteAPDPReg(AP reg 0x00, 0x80000002)
T3DCAB780 000:545.401 - 0.229ms returns 0
T3DCAB780 000:545.406 JLINK_CORESIGHT_WriteAPDPReg(AP reg 0x01, 0x80011130)
T3DCAB780 000:545.640 - 0.234ms returns 0
T3DCAB780 000:545.646 JLINK_CORESIGHT_ReadAPDPReg(AP reg 0x03)
T3DCAB780 000:545.965   Value=0x4637528D
T3DCAB780 000:545.973 - 0.328ms returns 0
T3DCAB780 000:545.979 JLINK_CORESIGHT_WriteAPDPReg(AP reg 0x00, 0x80000002)
T3DCAB780 000:546.264 - 0.284ms returns 0
T3DCAB780 000:546.295 JLINK_CORESIGHT_WriteAPDPReg(AP reg 0x01, 0x80011140)
T3DCAB780 000:546.491 - 0.198ms returns 0
T3DCAB780 000:546.497 JLINK_CORESIGHT_ReadAPDPReg(AP reg 0x03)
T3DCAB780 000:546.753   Value=0x00000000
T3DCAB780 000:546.760 - 0.263ms returns 0
T3DCAB780 000:546.765 JLINK_CORESIGHT_WriteAPDPReg(AP reg 0x00, 0x80000002)
T3DCAB780 000:546.949 - 0.185ms returns 0
T3DCAB780 000:546.954 JLINK_CORESIGHT_WriteAPDPReg(AP reg 0x01, 0x80011130)
T3DCAB780 000:547.208 - 0.253ms returns 0
T3DCAB780 000:547.214 JLINK_CORESIGHT_ReadAPDPReg(AP reg 0x03)
T3DCAB780 000:547.447   Value=0x31443841
T3DCAB780 000:547.453 - 0.239ms returns 0
T3DCAB780 000:547.458 JLINK_CORESIGHT_WriteAPDPReg(AP reg 0x00, 0x80000002)
T3DCAB780 000:547.652 - 0.193ms returns 0
T3DCAB780 000:547.657 JLINK_CORESIGHT_WriteAPDPReg(AP reg 0x01, 0x80011140)
T3DCAB780 000:547.844 - 0.187ms returns 0
T3DCAB780 000:547.850 JLINK_CORESIGHT_ReadAPDPReg(AP reg 0x03)
T3DCAB780 000:548.120   Value=0x00000000
T3DCAB780 000:548.139 - 0.290ms returns 0
T3DCAB780 000:548.148 JLINK_CORESIGHT_WriteAPDPReg(AP reg 0x00, 0x80000002)
T3DCAB780 000:548.438 - 0.289ms returns 0
T3DCAB780 000:548.464 JLINK_CORESIGHT_WriteAPDPReg(AP reg 0x01, 0x80011130)
T3DCAB780 000:548.652 - 0.188ms returns 0
T3DCAB780 000:548.657 JLINK_CORESIGHT_ReadAPDPReg(AP reg 0x03)
T3DCAB780 000:548.907   Value=0x43454842
T3DCAB780 000:548.913 - 0.256ms returns 0
T3DCAB780 000:548.918 JLINK_CORESIGHT_WriteAPDPReg(AP reg 0x00, 0x80000002)
T3DCAB780 000:549.174 - 0.256ms returns 0
T3DCAB780 000:549.180 JLINK_CORESIGHT_WriteAPDPReg(AP reg 0x01, 0x80011140)
T3DCAB780 000:549.386 - 0.205ms returns 0
T3DCAB780 000:549.398 JLINK_CORESIGHT_ReadAPDPReg(AP reg 0x03)
T3DCAB780 000:549.739   Value=0x00000000
T3DCAB780 000:549.746 - 0.348ms returns 0
T3DCAB780 000:549.753 JLINK_CORESIGHT_WriteAPDPReg(AP reg 0x00, 0x80000002)
T3DCAB780 000:549.958 - 0.204ms returns 0
T3DCAB780 000:549.963 JLINK_CORESIGHT_WriteAPDPReg(AP reg 0x01, 0x80011130)
T3DCAB780 000:550.175 - 0.213ms returns 0
T3DCAB780 000:550.180 JLINK_CORESIGHT_ReadAPDPReg(AP reg 0x03)
T3DCAB780 000:550.388   Value=0x20204442
T3DCAB780 000:550.394 - 0.214ms returns 0
T3DCAB780 000:550.399 JLINK_CORESIGHT_WriteAPDPReg(AP reg 0x00, 0x80000002)
T3DCAB780 000:550.629 - 0.230ms returns 0
T3DCAB780 000:550.634 JLINK_CORESIGHT_WriteAPDPReg(AP reg 0x01, 0x80011140)
T3DCAB780 000:550.889 - 0.255ms returns 0
T3DCAB780 000:550.894 JLINK_CORESIGHT_ReadAPDPReg(AP reg 0x03)
T3DCAB780 000:551.157   Value=0x00000000
T3DCAB780 000:551.163 - 0.269ms returns 0
T3DCAB780 000:551.169 JLINK_CORESIGHT_WriteAPDPReg(AP reg 0x00, 0x80000002)
T3DCAB780 000:551.378 - 0.209ms returns 0
T3DCAB780 000:551.384 JLINK_CORESIGHT_WriteAPDPReg(AP reg 0x01, 0x80011130)
T3DCAB780 000:551.595 - 0.211ms returns 0
T3DCAB780 000:551.600 JLINK_CORESIGHT_ReadAPDPReg(AP reg 0x03)
T3DCAB780 000:551.851   Value=0x0003B720
T3DCAB780 000:551.856 - 0.257ms returns 0
T3DCAB780 000:551.937 JLINK_CORESIGHT_WriteAPDPReg(AP reg 0x00, 0x80000002)
T3DCAB780 000:552.192 - 0.256ms returns 0
T3DCAB780 000:552.212 JLINK_CORESIGHT_WriteAPDPReg(AP reg 0x01, 0x80011140)
T3DCAB780 000:552.467 - 0.255ms returns 0
T3DCAB780 000:552.472 JLINK_CORESIGHT_ReadAPDPReg(AP reg 0x03)
T3DCAB780 000:552.753   Value=0x00000002
T3DCAB780 000:552.760 - 0.288ms returns 0
T3DCAB780 000:552.765 JLINK_CORESIGHT_WriteAPDPReg(AP reg 0x00, 0x80000002)
T3DCAB780 000:553.026 - 0.260ms returns 0
T3DCAB780 000:553.030 JLINK_CORESIGHT_WriteAPDPReg(AP reg 0x01, 0x80011120)
T3DCAB780 000:553.202 - 0.171ms returns 0
T3DCAB780 000:553.206 JLINK_CORESIGHT_WriteAPDPReg(AP reg 0x03, 0x3A010001)
T3DCAB780 000:553.436 - 0.230ms returns 0
T3DCAB780 000:553.441 JLINK_CORESIGHT_WriteAPDPReg(AP reg 0x00, 0x80000002)
T3DCAB780 000:553.651 - 0.211ms returns 0
T3DCAB780 000:553.656 JLINK_CORESIGHT_WriteAPDPReg(AP reg 0x01, 0x80011140)
T3DCAB780 000:553.844 - 0.189ms returns 0
T3DCAB780 000:553.848 JLINK_CORESIGHT_ReadAPDPReg(AP reg 0x03)
T3DCAB780 000:554.057   Value=0x00000002
T3DCAB780 000:554.063 - 0.214ms returns 0
T3DCAB780 000:554.067 JLINK_CORESIGHT_WriteAPDPReg(AP reg 0x00, 0x80000002)
T3DCAB780 000:554.323 - 0.256ms returns 0
T3DCAB780 000:554.327 JLINK_CORESIGHT_WriteAPDPReg(AP reg 0x01, 0x80011120)
T3DCAB780 000:554.525 - 0.198ms returns 0
T3DCAB780 000:554.530 JLINK_CORESIGHT_WriteAPDPReg(AP reg 0x03, 0x000003C5)
T3DCAB780 000:554.717 - 0.188ms returns 0
T3DCAB780 000:554.722 JLINK_CORESIGHT_WriteAPDPReg(AP reg 0x00, 0x80000002)
T3DCAB780 000:554.957 - 0.236ms returns 0
T3DCAB780 000:554.962 JLINK_CORESIGHT_WriteAPDPReg(AP reg 0x01, 0x80011140)
T3DCAB780 000:555.203 - 0.241ms returns 0
T3DCAB780 000:555.208 JLINK_CORESIGHT_ReadAPDPReg(AP reg 0x03)
T3DCAB780 000:555.436   Value=0x00000000
T3DCAB780 000:555.450 - 0.243ms returns 0
T3DCAB780 000:555.455 JLINK_CORESIGHT_WriteAPDPReg(AP reg 0x00, 0x80000002)
T3DCAB780 000:555.678 - 0.224ms returns 0
T3DCAB780 000:555.682 JLINK_CORESIGHT_WriteAPDPReg(AP reg 0x01, 0x80011130)
T3DCAB780 000:555.866 - 0.184ms returns 0
T3DCAB780 000:555.871 JLINK_CORESIGHT_ReadAPDPReg(AP reg 0x03)
T3DCAB780 000:556.172   Value=0x3A2A0081
T3DCAB780 000:556.178 - 0.308ms returns 0
T3DCAB780 000:556.182 JLINK_CORESIGHT_WriteAPDPReg(AP reg 0x00, 0x80000002)
T3DCAB780 000:556.400 - 0.218ms returns 0
T3DCAB780 000:556.404 JLINK_CORESIGHT_WriteAPDPReg(AP reg 0x01, 0x80011140)
T3DCAB780 000:556.613 - 0.209ms returns 0
T3DCAB780 000:556.617 JLINK_CORESIGHT_ReadAPDPReg(AP reg 0x03)
T3DCAB780 000:556.868   Value=0x00000000
T3DCAB780 000:556.874 - 0.257ms returns 0
T3DCAB780 000:556.878 JLINK_CORESIGHT_WriteAPDPReg(AP reg 0x00, 0x80000002)
T3DCAB780 000:557.072 - 0.193ms returns 0
T3DCAB780 000:557.076 JLINK_CORESIGHT_WriteAPDPReg(AP reg 0x01, 0x80011130)
T3DCAB780 000:557.330 - 0.253ms returns 0
T3DCAB780 000:557.349 JLINK_CORESIGHT_ReadAPDPReg(AP reg 0x03)
T3DCAB780 000:557.600   Value=0x808D5B00
T3DCAB780 000:557.610 - 0.262ms returns 0
T3DCAB780 000:557.619 JLINK_CORESIGHT_WriteAPDPReg(AP reg 0x00, 0x80000002)
T3DCAB780 000:557.807 - 0.189ms returns 0
T3DCAB780 000:557.815 JLINK_CORESIGHT_WriteAPDPReg(AP reg 0x01, 0x80011140)
T3DCAB780 000:557.980 - 0.165ms returns 0
T3DCAB780 000:557.987 JLINK_CORESIGHT_ReadAPDPReg(AP reg 0x03)
T3DCAB780 000:558.353   Value=0x00000000
T3DCAB780 000:558.363 - 0.376ms returns 0
T3DCAB780 000:558.371 JLINK_CORESIGHT_WriteAPDPReg(AP reg 0x00, 0x80000002)
T3DCAB780 000:558.597 - 0.226ms returns 0
T3DCAB780 000:558.604 JLINK_CORESIGHT_WriteAPDPReg(AP reg 0x01, 0x80011130)
T3DCAB780 000:558.805 - 0.201ms returns 0
T3DCAB780 000:558.812 JLINK_CORESIGHT_ReadAPDPReg(AP reg 0x03)
T3DCAB780 000:559.050   Value=0x0503030B
T3DCAB780 000:559.060 - 0.248ms returns 0
T3DCAB780 000:559.067 JLINK_CORESIGHT_WriteAPDPReg(AP reg 0x00, 0x80000002)
T3DCAB780 000:559.323 - 0.256ms returns 0
T3DCAB780 000:559.330 JLINK_CORESIGHT_WriteAPDPReg(AP reg 0x01, 0x80011140)
T3DCAB780 000:559.494 - 0.164ms returns 0
T3DCAB780 000:559.502 JLINK_CORESIGHT_ReadAPDPReg(AP reg 0x03)
T3DCAB780 000:559.788   Value=0x00000000
T3DCAB780 000:559.798 - 0.296ms returns 0
T3DCAB780 000:559.805 JLINK_CORESIGHT_WriteAPDPReg(AP reg 0x00, 0x80000002)
T3DCAB780 000:560.060 - 0.255ms returns 0
T3DCAB780 000:560.069 JLINK_CORESIGHT_WriteAPDPReg(AP reg 0x01, 0x80011130)
T3DCAB780 000:560.287 - 0.218ms returns 0
T3DCAB780 000:560.295 JLINK_CORESIGHT_ReadAPDPReg(AP reg 0x03)
T3DCAB780 000:560.579   Value=0x2E4B4E1C
T3DCAB780 000:560.590 - 0.296ms returns 0
T3DCAB780 000:560.598 JLINK_CORESIGHT_WriteAPDPReg(AP reg 0x00, 0x80000002)
T3DCAB780 000:560.825 - 0.227ms returns 0
T3DCAB780 000:560.832 JLINK_CORESIGHT_WriteAPDPReg(AP reg 0x01, 0x80011140)
T3DCAB780 000:561.039 - 0.207ms returns 0
T3DCAB780 000:561.047 JLINK_CORESIGHT_ReadAPDPReg(AP reg 0x03)
T3DCAB780 000:561.331   Value=0x00000000
T3DCAB780 000:561.342 - 0.295ms returns 0
T3DCAB780 000:561.349 JLINK_CORESIGHT_WriteAPDPReg(AP reg 0x00, 0x80000002)
T3DCAB780 000:561.537 - 0.188ms returns 0
T3DCAB780 000:561.544 JLINK_CORESIGHT_WriteAPDPReg(AP reg 0x01, 0x80011130)
T3DCAB780 000:561.707 - 0.163ms returns 0
T3DCAB780 000:561.714 JLINK_CORESIGHT_ReadAPDPReg(AP reg 0x03)
T3DCAB780 000:562.016   Value=0x4E97553E
T3DCAB780 000:562.026 - 0.311ms returns 0
T3DCAB780 000:562.033 JLINK_CORESIGHT_WriteAPDPReg(AP reg 0x00, 0x80000002)
T3DCAB780 000:562.262 - 0.229ms returns 0
T3DCAB780 000:562.270 JLINK_CORESIGHT_WriteAPDPReg(AP reg 0x01, 0x80011140)
T3DCAB780 000:562.507 - 0.237ms returns 0
T3DCAB780 000:562.516 JLINK_CORESIGHT_ReadAPDPReg(AP reg 0x03)
T3DCAB780 000:562.800   Value=0x00000000
T3DCAB780 000:562.811 - 0.295ms returns 0
T3DCAB780 000:562.818 JLINK_CORESIGHT_WriteAPDPReg(AP reg 0x00, 0x80000002)
T3DCAB780 000:563.038 - 0.220ms returns 0
T3DCAB780 000:563.045 JLINK_CORESIGHT_WriteAPDPReg(AP reg 0x01, 0x80011130)
T3DCAB780 000:563.324 - 0.279ms returns 0
T3DCAB780 000:563.332 JLINK_CORESIGHT_ReadAPDPReg(AP reg 0x03)
T3DCAB780 000:563.550   Value=0x34503036
T3DCAB780 000:563.560 - 0.228ms returns 0
T3DCAB780 000:563.567 JLINK_CORESIGHT_WriteAPDPReg(AP reg 0x00, 0x80000002)
T3DCAB780 000:563.754 - 0.187ms returns 0
T3DCAB780 000:563.761 JLINK_CORESIGHT_WriteAPDPReg(AP reg 0x01, 0x80011140)
T3DCAB780 000:564.028 - 0.266ms returns 0
T3DCAB780 000:564.037 JLINK_CORESIGHT_ReadAPDPReg(AP reg 0x03)
T3DCAB780 000:564.345   Value=0x00000000
T3DCAB780 000:564.355 - 0.319ms returns 0
T3DCAB780 000:564.362 JLINK_CORESIGHT_WriteAPDPReg(AP reg 0x00, 0x80000002)
T3DCAB780 000:564.628 - 0.266ms returns 0
T3DCAB780 000:564.635 JLINK_CORESIGHT_WriteAPDPReg(AP reg 0x01, 0x80011130)
T3DCAB780 000:564.822 - 0.187ms returns 0
T3DCAB780 000:564.830 JLINK_CORESIGHT_ReadAPDPReg(AP reg 0x03)
T3DCAB780 000:565.160   Value=0x7D012D35
T3DCAB780 000:565.170 - 0.340ms returns 0
T3DCAB780 000:565.178 JLINK_CORESIGHT_WriteAPDPReg(AP reg 0x00, 0x80000002)
T3DCAB780 000:565.344 - 0.167ms returns 0
T3DCAB780 000:565.351 JLINK_CORESIGHT_WriteAPDPReg(AP reg 0x01, 0x80011140)
T3DCAB780 000:565.584 - 0.232ms returns 0
T3DCAB780 000:565.592 JLINK_CORESIGHT_ReadAPDPReg(AP reg 0x03)
T3DCAB780 000:565.831   Value=0x00000000
T3DCAB780 000:565.846 - 0.253ms returns 0
T3DCAB780 000:565.853 JLINK_CORESIGHT_WriteAPDPReg(AP reg 0x00, 0x80000002)
T3DCAB780 000:566.049 - 0.196ms returns 0
T3DCAB780 000:566.056 JLINK_CORESIGHT_WriteAPDPReg(AP reg 0x01, 0x80011130)
T3DCAB780 000:566.276 - 0.219ms returns 0
T3DCAB780 000:566.283 JLINK_CORESIGHT_ReadAPDPReg(AP reg 0x03)
T3DCAB780 000:566.493   Value=0x4637528D
T3DCAB780 000:566.503 - 0.220ms returns 0
T3DCAB780 000:566.510 JLINK_CORESIGHT_WriteAPDPReg(AP reg 0x00, 0x80000002)
T3DCAB780 000:566.718 - 0.207ms returns 0
T3DCAB780 000:566.725 JLINK_CORESIGHT_WriteAPDPReg(AP reg 0x01, 0x80011140)
T3DCAB780 000:566.935 - 0.210ms returns 0
T3DCAB780 000:566.942 JLINK_CORESIGHT_ReadAPDPReg(AP reg 0x03)
T3DCAB780 000:567.172   Value=0x00000000
T3DCAB780 000:567.182 - 0.239ms returns 0
T3DCAB780 000:567.189 JLINK_CORESIGHT_WriteAPDPReg(AP reg 0x00, 0x80000002)
T3DCAB780 000:567.429 - 0.241ms returns 0
T3DCAB780 000:567.438 JLINK_CORESIGHT_WriteAPDPReg(AP reg 0x01, 0x80011130)
T3DCAB780 000:567.602 - 0.164ms returns 0
T3DCAB780 000:567.610 JLINK_CORESIGHT_ReadAPDPReg(AP reg 0x03)
T3DCAB780 000:567.911   Value=0x31443841
T3DCAB780 000:567.922 - 0.313ms returns 0
T3DCAB780 000:567.929 JLINK_CORESIGHT_WriteAPDPReg(AP reg 0x00, 0x80000002)
T3DCAB780 000:568.160 - 0.232ms returns 0
T3DCAB780 000:568.169 JLINK_CORESIGHT_WriteAPDPReg(AP reg 0x01, 0x80011140)
T3DCAB780 000:568.424 - 0.254ms returns 0
T3DCAB780 000:568.431 JLINK_CORESIGHT_ReadAPDPReg(AP reg 0x03)
T3DCAB780 000:568.642   Value=0x00000000
T3DCAB780 000:568.652 - 0.221ms returns 0
T3DCAB780 000:568.659 JLINK_CORESIGHT_WriteAPDPReg(AP reg 0x00, 0x80000002)
T3DCAB780 000:568.822 - 0.163ms returns 0
T3DCAB780 000:568.830 JLINK_CORESIGHT_WriteAPDPReg(AP reg 0x01, 0x80011130)
T3DCAB780 000:569.014 - 0.184ms returns 0
T3DCAB780 000:569.022 JLINK_CORESIGHT_ReadAPDPReg(AP reg 0x03)
T3DCAB780 000:569.356   Value=0x43454842
T3DCAB780 000:569.366 - 0.344ms returns 0
T3DCAB780 000:569.374 JLINK_CORESIGHT_WriteAPDPReg(AP reg 0x00, 0x80000002)
T3DCAB780 000:569.595 - 0.222ms returns 0
T3DCAB780 000:569.602 JLINK_CORESIGHT_WriteAPDPReg(AP reg 0x01, 0x80011140)
T3DCAB780 000:569.820 - 0.219ms returns 0
T3DCAB780 000:569.827 JLINK_CORESIGHT_ReadAPDPReg(AP reg 0x03)
T3DCAB780 000:570.060   Value=0x00000000
T3DCAB780 000:570.070 - 0.243ms returns 0
T3DCAB780 000:570.077 JLINK_CORESIGHT_WriteAPDPReg(AP reg 0x00, 0x80000002)
T3DCAB780 000:570.331 - 0.254ms returns 0
T3DCAB780 000:570.338 JLINK_CORESIGHT_WriteAPDPReg(AP reg 0x01, 0x80011130)
T3DCAB780 000:570.570 - 0.232ms returns 0
T3DCAB780 000:570.577 JLINK_CORESIGHT_ReadAPDPReg(AP reg 0x03)
T3DCAB780 000:570.855   Value=0x20204442
T3DCAB780 000:570.875 - 0.298ms returns 0
T3DCAB780 000:570.883 JLINK_CORESIGHT_WriteAPDPReg(AP reg 0x00, 0x80000002)
T3DCAB780 000:571.157 - 0.275ms returns 0
T3DCAB780 000:571.164 JLINK_CORESIGHT_WriteAPDPReg(AP reg 0x01, 0x80011140)
T3DCAB780 000:571.348 - 0.184ms returns 0
T3DCAB780 000:571.355 JLINK_CORESIGHT_ReadAPDPReg(AP reg 0x03)
T3DCAB780 000:571.615   Value=0x00000000
T3DCAB780 000:571.624 - 0.269ms returns 0
T3DCAB780 000:571.631 JLINK_CORESIGHT_WriteAPDPReg(AP reg 0x00, 0x80000002)
T3DCAB780 000:571.841 - 0.210ms returns 0
T3DCAB780 000:571.848 JLINK_CORESIGHT_WriteAPDPReg(AP reg 0x01, 0x80011130)
T3DCAB780 000:572.059 - 0.210ms returns 0
T3DCAB780 000:572.066 JLINK_CORESIGHT_ReadAPDPReg(AP reg 0x03)
T3DCAB780 000:572.332   Value=0x0003B720
T3DCAB780 000:572.341 - 0.275ms returns 0
T3DCAB780 000:572.367 JLINK_CORESIGHT_WriteAPDPReg(AP reg 0x00, 0x80000002)
T3DCAB780 000:572.535 - 0.168ms returns 0
T3DCAB780 000:572.553 JLINK_CORESIGHT_WriteAPDPReg(AP reg 0x01, 0x80011140)
T3DCAB780 000:572.720 - 0.167ms returns 0
T3DCAB780 000:572.728 JLINK_CORESIGHT_ReadAPDPReg(AP reg 0x03)
T3DCAB780 000:573.011   Value=0x00000002
T3DCAB780 000:573.022 - 0.293ms returns 0
T3DCAB780 000:573.029 JLINK_CORESIGHT_WriteAPDPReg(AP reg 0x00, 0x80000002)
T3DCAB780 000:573.304 - 0.275ms returns 0
T3DCAB780 000:573.312 JLINK_CORESIGHT_WriteAPDPReg(AP reg 0x01, 0x80011120)
T3DCAB780 000:573.515 - 0.202ms returns 0
T3DCAB780 000:573.522 JLINK_CORESIGHT_WriteAPDPReg(AP reg 0x03, 0x2C010001)
T3DCAB780 000:573.718 - 0.195ms returns 0
T3DCAB780 000:573.726 JLINK_CORESIGHT_WriteAPDPReg(AP reg 0x00, 0x80000002)
T3DCAB780 000:573.911 - 0.186ms returns 0
T3DCAB780 000:573.919 JLINK_CORESIGHT_WriteAPDPReg(AP reg 0x01, 0x80011140)
T3DCAB780 000:574.159 - 0.241ms returns 0
T3DCAB780 000:574.167 JLINK_CORESIGHT_ReadAPDPReg(AP reg 0x03)
T3DCAB780 000:574.402   Value=0x00000002
T3DCAB780 000:574.412 - 0.244ms returns 0
T3DCAB780 000:574.419 JLINK_CORESIGHT_WriteAPDPReg(AP reg 0x00, 0x80000002)
T3DCAB780 000:574.640 - 0.221ms returns 0
T3DCAB780 000:574.649 JLINK_CORESIGHT_WriteAPDPReg(AP reg 0x01, 0x80011120)
T3DCAB780 000:574.840 - 0.191ms returns 0
T3DCAB780 000:574.848 JLINK_CORESIGHT_WriteAPDPReg(AP reg 0x03, 0x000003D3)
T3DCAB780 000:575.034 - 0.187ms returns 0
T3DCAB780 000:575.042 JLINK_CORESIGHT_WriteAPDPReg(AP reg 0x00, 0x80000002)
T3DCAB780 000:575.277 - 0.235ms returns 0
T3DCAB780 000:575.285 JLINK_CORESIGHT_WriteAPDPReg(AP reg 0x01, 0x80011140)
T3DCAB780 000:575.469 - 0.184ms returns 0
T3DCAB780 000:575.478 JLINK_CORESIGHT_ReadAPDPReg(AP reg 0x03)
T3DCAB780 000:575.707   Value=0x00000002
T3DCAB780 000:575.717 - 0.240ms returns 0
T3DCAB780 000:575.724 JLINK_CORESIGHT_ReadAPDPReg(AP reg 0x03)
T3DCAB780 000:575.934   Value=0x00000002
T3DCAB780 000:575.954 - 0.229ms returns 0
T3DCAB780 000:575.960 JLINK_CORESIGHT_ReadAPDPReg(AP reg 0x03)
T3DCAB780 000:576.193   Value=0x00000002
T3DCAB780 000:576.204 - 0.244ms returns 0
T3DCAB780 000:576.211 JLINK_CORESIGHT_ReadAPDPReg(AP reg 0x03)
T3DCAB780 000:576.424   Value=0x00000002
T3DCAB780 000:576.434 - 0.222ms returns 0
T3DCAB780 000:576.441 JLINK_CORESIGHT_ReadAPDPReg(AP reg 0x03)
T3DCAB780 000:576.673   Value=0x00000002
T3DCAB780 000:576.683 - 0.243ms returns 0
T3DCAB780 000:576.690 JLINK_CORESIGHT_ReadAPDPReg(AP reg 0x03)
T3DCAB780 000:576.931   Value=0x00000002
T3DCAB780 000:576.941 - 0.251ms returns 0
T3DCAB780 000:576.948 JLINK_CORESIGHT_ReadAPDPReg(AP reg 0x03)
T3DCAB780 000:577.162   Value=0x00000002
T3DCAB780 000:577.172 - 0.224ms returns 0
T3DCAB780 000:577.180 JLINK_CORESIGHT_ReadAPDPReg(AP reg 0x03)
T3DCAB780 000:577.449   Value=0x00000002
T3DCAB780 000:577.460 - 0.279ms returns 0
T3DCAB780 000:577.467 JLINK_CORESIGHT_ReadAPDPReg(AP reg 0x03)
T3DCAB780 000:577.762   Value=0x00000002
T3DCAB780 000:577.778 - 0.310ms returns 0
T3DCAB780 000:577.786 JLINK_CORESIGHT_ReadAPDPReg(AP reg 0x03)
T3DCAB780 000:578.053   Value=0x00000002
T3DCAB780 000:578.063 - 0.277ms returns 0
T3DCAB780 000:578.071 JLINK_CORESIGHT_ReadAPDPReg(AP reg 0x03)
T3DCAB780 000:578.366   Value=0x00000002
T3DCAB780 000:578.376 - 0.306ms returns 0
T3DCAB780 000:578.384 JLINK_CORESIGHT_ReadAPDPReg(AP reg 0x03)
T3DCAB780 000:578.708   Value=0x00000002
T3DCAB780 000:578.718 - 0.333ms returns 0
T3DCAB780 000:578.725 JLINK_CORESIGHT_ReadAPDPReg(AP reg 0x03)
T3DCAB780 000:578.933   Value=0x00000000
T3DCAB780 000:578.943 - 0.218ms returns 0
T3DCAB780 000:578.950 JLINK_CORESIGHT_WriteAPDPReg(AP reg 0x00, 0x80000002)
T3DCAB780 000:579.161 - 0.211ms returns 0
T3DCAB780 000:579.169 JLINK_CORESIGHT_WriteAPDPReg(AP reg 0x01, 0x80011130)
T3DCAB780 000:579.377 - 0.207ms returns 0
T3DCAB780 000:579.386 JLINK_CORESIGHT_ReadAPDPReg(AP reg 0x03)
T3DCAB780 000:579.719   Value=0x2C020081
T3DCAB780 000:579.730 - 0.343ms returns 0
T3DCAB780 000:579.739 JLINK_CORESIGHT_WriteAPDPReg(AP reg 0x00, 0x80000002)
T3DCAB780 000:579.906 - 0.167ms returns 0
T3DCAB780 000:579.914 JLINK_CORESIGHT_WriteAPDPReg(AP reg 0x01, 0x80011140)
T3DCAB780 000:580.172 - 0.258ms returns 0
T3DCAB780 000:580.182 JLINK_CORESIGHT_ReadAPDPReg(AP reg 0x03)
T3DCAB780 000:580.389   Value=0x00000000
T3DCAB780 000:580.399 - 0.218ms returns 0
T3DCAB780 000:580.407 JLINK_CORESIGHT_WriteAPDPReg(AP reg 0x00, 0x80000002)
T3DCAB780 000:580.640 - 0.233ms returns 0
T3DCAB780 000:580.648 JLINK_CORESIGHT_WriteAPDPReg(AP reg 0x01, 0x80011130)
T3DCAB780 000:580.912 - 0.264ms returns 0
T3DCAB780 000:580.922 JLINK_CORESIGHT_ReadAPDPReg(AP reg 0x03)
T3DCAB780 000:581.157   Value=0x0003CE04
T3DCAB780 000:581.167 - 0.245ms returns 0
T3DCAB780 000:581.196 JLINK_CORESIGHT_WriteAPDPReg(AP reg 0x00, 0x80000002)
T3DCAB780 000:581.366 - 0.171ms returns 0
T3DCAB780 000:581.373 JLINK_CORESIGHT_WriteAPDPReg(AP reg 0x01, 0x80011140)
T3DCAB780 000:581.558 - 0.185ms returns 0
T3DCAB780 000:581.565 JLINK_CORESIGHT_ReadAPDPReg(AP reg 0x03)
T3DCAB780 000:581.798   Value=0x00000002
T3DCAB780 000:581.807 - 0.242ms returns 0
T3DCAB780 000:581.813 JLINK_CORESIGHT_WriteAPDPReg(AP reg 0x00, 0x80000002)
T3DCAB780 000:581.978 - 0.164ms returns 0
T3DCAB780 000:581.984 JLINK_CORESIGHT_WriteAPDPReg(AP reg 0x01, 0x80011120)
T3DCAB780 000:582.259 - 0.275ms returns 0
T3DCAB780 000:582.266 JLINK_CORESIGHT_WriteAPDPReg(AP reg 0x03, 0x73010001)
T3DCAB780 000:582.502 - 0.236ms returns 0
T3DCAB780 000:582.509 JLINK_CORESIGHT_WriteAPDPReg(AP reg 0x00, 0x80000002)
T3DCAB780 000:582.774 - 0.265ms returns 0
T3DCAB780 000:582.783 JLINK_CORESIGHT_WriteAPDPReg(AP reg 0x01, 0x80011140)
T3DCAB780 000:583.048 - 0.265ms returns 0
T3DCAB780 000:583.055 JLINK_CORESIGHT_ReadAPDPReg(AP reg 0x03)
T3DCAB780 000:583.355   Value=0x00000002
T3DCAB780 000:583.365 - 0.310ms returns 0
T3DCAB780 000:583.372 JLINK_CORESIGHT_WriteAPDPReg(AP reg 0x00, 0x80000002)
T3DCAB780 000:583.650 - 0.278ms returns 0
T3DCAB780 000:583.657 JLINK_CORESIGHT_WriteAPDPReg(AP reg 0x01, 0x80011120)
T3DCAB780 000:583.865 - 0.208ms returns 0
T3DCAB780 000:583.872 JLINK_CORESIGHT_WriteAPDPReg(AP reg 0x03, 0x0000038C)
T3DCAB780 000:584.171 - 0.299ms returns 0
T3DCAB780 000:584.179 JLINK_CORESIGHT_WriteAPDPReg(AP reg 0x00, 0x80000002)
T3DCAB780 000:584.376 - 0.197ms returns 0
T3DCAB780 000:584.383 JLINK_CORESIGHT_WriteAPDPReg(AP reg 0x01, 0x80011140)
T3DCAB780 000:584.568 - 0.185ms returns 0
T3DCAB780 000:584.575 JLINK_CORESIGHT_ReadAPDPReg(AP reg 0x03)
T3DCAB780 000:584.809   Value=0x00000002
T3DCAB780 000:584.819 - 0.244ms returns 0
T3DCAB780 000:584.826 JLINK_CORESIGHT_ReadAPDPReg(AP reg 0x03)
T3DCAB780 000:585.051   Value=0x00000002
T3DCAB780 000:585.060 - 0.234ms returns 0
T3DCAB780 000:585.067 JLINK_CORESIGHT_ReadAPDPReg(AP reg 0x03)
T3DCAB780 000:585.331   Value=0x00000002
T3DCAB780 000:585.341 - 0.274ms returns 0
T3DCAB780 000:585.348 JLINK_CORESIGHT_ReadAPDPReg(AP reg 0x03)
T3DCAB780 000:585.572   Value=0x00000002
T3DCAB780 000:585.581 - 0.234ms returns 0
T3DCAB780 000:585.588 JLINK_CORESIGHT_ReadAPDPReg(AP reg 0x03)
T3DCAB780 000:585.797   Value=0x00000002
T3DCAB780 000:585.807 - 0.218ms returns 0
T3DCAB780 000:585.813 JLINK_CORESIGHT_ReadAPDPReg(AP reg 0x03)
T3DCAB780 000:586.034   Value=0x00000002
T3DCAB780 000:586.044 - 0.231ms returns 0
T3DCAB780 000:586.051 JLINK_CORESIGHT_ReadAPDPReg(AP reg 0x03)
T3DCAB780 000:586.348   Value=0x00000002
T3DCAB780 000:586.358 - 0.308ms returns 0
T3DCAB780 000:586.365 JLINK_CORESIGHT_ReadAPDPReg(AP reg 0x03)
T3DCAB780 000:586.597   Value=0x00000002
T3DCAB780 000:586.606 - 0.241ms returns 0
T3DCAB780 000:586.613 JLINK_CORESIGHT_ReadAPDPReg(AP reg 0x03)
T3DCAB780 000:586.859   Value=0x00000002
T3DCAB780 000:586.868 - 0.255ms returns 0
T3DCAB780 000:586.875 JLINK_CORESIGHT_ReadAPDPReg(AP reg 0x03)
T3DCAB780 000:587.158   Value=0x00000002
T3DCAB780 000:587.170 - 0.295ms returns 0
T3DCAB780 000:587.177 JLINK_CORESIGHT_ReadAPDPReg(AP reg 0x03)
T3DCAB780 000:587.385   Value=0x00000002
T3DCAB780 000:587.395 - 0.218ms returns 0
T3DCAB780 000:587.402 JLINK_CORESIGHT_ReadAPDPReg(AP reg 0x03)
T3DCAB780 000:587.685   Value=0x00000002
T3DCAB780 000:587.695 - 0.293ms returns 0
T3DCAB780 000:587.702 JLINK_CORESIGHT_ReadAPDPReg(AP reg 0x03)
T3DCAB780 000:587.945   Value=0x00000000
T3DCAB780 000:587.956 - 0.253ms returns 0
T3DCAB780 000:587.963 JLINK_CORESIGHT_WriteAPDPReg(AP reg 0x00, 0x80000002)
T3DCAB780 000:588.287 - 0.325ms returns 0
T3DCAB780 000:588.295 JLINK_CORESIGHT_WriteAPDPReg(AP reg 0x01, 0x80011130)
T3DCAB780 000:588.504 - 0.209ms returns 0
T3DCAB780 000:588.512 JLINK_CORESIGHT_ReadAPDPReg(AP reg 0x03)
T3DCAB780 000:588.751   Value=0x73020081
T3DCAB780 000:588.760 - 0.248ms returns 0
T3DCAB780 000:588.768 JLINK_CORESIGHT_WriteAPDPReg(AP reg 0x00, 0x80000002)
T3DCAB780 000:588.966 - 0.199ms returns 0
T3DCAB780 000:588.974 JLINK_CORESIGHT_WriteAPDPReg(AP reg 0x01, 0x80011140)
T3DCAB780 000:589.170 - 0.195ms returns 0
T3DCAB780 000:589.177 JLINK_CORESIGHT_ReadAPDPReg(AP reg 0x03)
T3DCAB780 000:589.385   Value=0x00000000
T3DCAB780 000:589.394 - 0.217ms returns 0
T3DCAB780 000:589.400 JLINK_CORESIGHT_WriteAPDPReg(AP reg 0x00, 0x80000002)
T3DCAB780 000:589.684 - 0.284ms returns 0
T3DCAB780 000:589.692 JLINK_CORESIGHT_WriteAPDPReg(AP reg 0x01, 0x80011130)
T3DCAB780 000:589.948 - 0.256ms returns 0
T3DCAB780 000:589.955 JLINK_CORESIGHT_ReadAPDPReg(AP reg 0x03)
T3DCAB780 000:590.194   Value=0x00038902
T3DCAB780 000:590.204 - 0.250ms returns 0
T3DCAB780 000:590.213 JLINK_CORESIGHT_WriteAPDPReg(AP reg 0x00, 0x80000002)
T3DCAB780 000:590.376 - 0.162ms returns 0
T3DCAB780 000:590.383 JLINK_CORESIGHT_WriteAPDPReg(AP reg 0x01, 0x80011140)
T3DCAB780 000:590.639 - 0.257ms returns 0
T3DCAB780 000:590.647 JLINK_CORESIGHT_ReadAPDPReg(AP reg 0x03)
T3DCAB780 000:590.860   Value=0x00000002
T3DCAB780 000:590.869 - 0.222ms returns 0
T3DCAB780 000:590.876 JLINK_CORESIGHT_WriteAPDPReg(AP reg 0x00, 0x80000002)
T3DCAB780 000:591.157 - 0.281ms returns 0
T3DCAB780 000:591.164 JLINK_CORESIGHT_WriteAPDPReg(AP reg 0x01, 0x80011120)
T3DCAB780 000:591.399 - 0.235ms returns 0
T3DCAB780 000:591.406 JLINK_CORESIGHT_WriteAPDPReg(AP reg 0x03, 0x75010001)
T3DCAB780 000:591.686 - 0.280ms returns 0
T3DCAB780 000:591.694 JLINK_CORESIGHT_WriteAPDPReg(AP reg 0x00, 0x80000002)
T3DCAB780 000:591.925 - 0.232ms returns 0
T3DCAB780 000:591.933 JLINK_CORESIGHT_WriteAPDPReg(AP reg 0x01, 0x80011140)
T3DCAB780 000:592.170 - 0.238ms returns 0
T3DCAB780 000:592.178 JLINK_CORESIGHT_ReadAPDPReg(AP reg 0x03)
T3DCAB780 000:592.388   Value=0x00000002
T3DCAB780 000:592.398 - 0.219ms returns 0
T3DCAB780 000:592.405 JLINK_CORESIGHT_WriteAPDPReg(AP reg 0x00, 0x80000002)
T3DCAB780 000:592.568 - 0.164ms returns 0
T3DCAB780 000:592.574 JLINK_CORESIGHT_WriteAPDPReg(AP reg 0x01, 0x80011120)
T3DCAB780 000:592.832 - 0.258ms returns 0
T3DCAB780 000:592.840 JLINK_CORESIGHT_WriteAPDPReg(AP reg 0x03, 0x0000038A)
T3DCAB780 000:593.054 - 0.214ms returns 0
T3DCAB780 000:593.062 JLINK_CORESIGHT_WriteAPDPReg(AP reg 0x00, 0x80000002)
T3DCAB780 000:593.320 - 0.259ms returns 0
T3DCAB780 000:593.327 JLINK_CORESIGHT_WriteAPDPReg(AP reg 0x01, 0x80011140)
T3DCAB780 000:593.547 - 0.220ms returns 0
T3DCAB780 000:593.554 JLINK_CORESIGHT_ReadAPDPReg(AP reg 0x03)
T3DCAB780 000:593.843   Value=0x00000002
T3DCAB780 000:593.852 - 0.298ms returns 0
T3DCAB780 000:593.859 JLINK_CORESIGHT_ReadAPDPReg(AP reg 0x03)
T3DCAB780 000:594.079   Value=0x00000002
T3DCAB780 000:594.088 - 0.230ms returns 0
T3DCAB780 000:594.095 JLINK_CORESIGHT_ReadAPDPReg(AP reg 0x03)
T3DCAB780 000:594.318   Value=0x00000002
T3DCAB780 000:594.327 - 0.233ms returns 0
T3DCAB780 000:594.334 JLINK_CORESIGHT_ReadAPDPReg(AP reg 0x03)
T3DCAB780 000:594.568   Value=0x00000002
T3DCAB780 000:594.577 - 0.243ms returns 0
T3DCAB780 000:594.584 JLINK_CORESIGHT_ReadAPDPReg(AP reg 0x03)
T3DCAB780 000:594.841   Value=0x00000002
T3DCAB780 000:594.850 - 0.266ms returns 0
T3DCAB780 000:594.857 JLINK_CORESIGHT_ReadAPDPReg(AP reg 0x03)
T3DCAB780 000:595.157   Value=0x00000002
T3DCAB780 000:595.166 - 0.309ms returns 0
T3DCAB780 000:595.173 JLINK_CORESIGHT_ReadAPDPReg(AP reg 0x03)
T3DCAB780 000:595.425   Value=0x00000002
T3DCAB780 000:595.434 - 0.262ms returns 0
T3DCAB780 000:595.441 JLINK_CORESIGHT_ReadAPDPReg(AP reg 0x03)
T3DCAB780 000:595.655   Value=0x00000002
T3DCAB780 000:595.664 - 0.224ms returns 0
T3DCAB780 000:595.671 JLINK_CORESIGHT_ReadAPDPReg(AP reg 0x03)
T3DCAB780 000:595.883   Value=0x00000002
T3DCAB780 000:595.892 - 0.222ms returns 0
T3DCAB780 000:595.899 JLINK_CORESIGHT_ReadAPDPReg(AP reg 0x03)
T3DCAB780 000:596.204   Value=0x00000002
T3DCAB780 000:596.213 - 0.314ms returns 0
T3DCAB780 000:596.220 JLINK_CORESIGHT_ReadAPDPReg(AP reg 0x03)
T3DCAB780 000:596.447   Value=0x00000002
T3DCAB780 000:596.456 - 0.237ms returns 0
T3DCAB780 000:596.462 JLINK_CORESIGHT_ReadAPDPReg(AP reg 0x03)
T3DCAB780 000:596.695   Value=0x00000002
T3DCAB780 000:596.704 - 0.242ms returns 0
T3DCAB780 000:596.710 JLINK_CORESIGHT_ReadAPDPReg(AP reg 0x03)
T3DCAB780 000:596.943   Value=0x00000000
T3DCAB780 000:596.952 - 0.242ms returns 0
T3DCAB780 000:596.959 JLINK_CORESIGHT_WriteAPDPReg(AP reg 0x00, 0x80000002)
T3DCAB780 000:597.303 - 0.344ms returns 0
T3DCAB780 000:597.310 JLINK_CORESIGHT_WriteAPDPReg(AP reg 0x01, 0x80011130)
T3DCAB780 000:597.522 - 0.213ms returns 0
T3DCAB780 000:597.529 JLINK_CORESIGHT_ReadAPDPReg(AP reg 0x03)
T3DCAB780 000:597.811   Value=0x75020081
T3DCAB780 000:597.821 - 0.292ms returns 0
T3DCAB780 000:597.828 JLINK_CORESIGHT_WriteAPDPReg(AP reg 0x00, 0x80000002)
T3DCAB780 000:598.025 - 0.197ms returns 0
T3DCAB780 000:598.032 JLINK_CORESIGHT_WriteAPDPReg(AP reg 0x01, 0x80011140)
T3DCAB780 000:598.306 - 0.275ms returns 0
T3DCAB780 000:598.313 JLINK_CORESIGHT_ReadAPDPReg(AP reg 0x03)
T3DCAB780 000:598.546   Value=0x00000000
T3DCAB780 000:598.555 - 0.242ms returns 0
T3DCAB780 000:598.562 JLINK_CORESIGHT_WriteAPDPReg(AP reg 0x00, 0x80000002)
T3DCAB780 000:598.751 - 0.189ms returns 0
T3DCAB780 000:598.758 JLINK_CORESIGHT_WriteAPDPReg(AP reg 0x01, 0x80011130)
T3DCAB780 000:598.921 - 0.163ms returns 0
T3DCAB780 000:598.928 JLINK_CORESIGHT_ReadAPDPReg(AP reg 0x03)
T3DCAB780 000:599.204   Value=0x00038702
T3DCAB780 000:599.213 - 0.286ms returns 0
T3DCAB780 000:599.229 JLINK_CORESIGHT_WriteAPDPReg(AP reg 0x00, 0x80000002)
T3DCAB780 000:599.397 - 0.168ms returns 0
T3DCAB780 000:599.404 JLINK_CORESIGHT_WriteAPDPReg(AP reg 0x01, 0x80011140)
T3DCAB780 000:599.684 - 0.280ms returns 0
T3DCAB780 000:599.691 JLINK_CORESIGHT_ReadAPDPReg(AP reg 0x03)
T3DCAB780 000:600.001   Value=0x00000002
T3DCAB780 000:600.012 - 0.322ms returns 0
T3DCAB780 000:600.019 JLINK_CORESIGHT_WriteAPDPReg(AP reg 0x00, 0x80000002)
T3DCAB780 000:600.309 - 0.289ms returns 0
T3DCAB780 000:600.317 JLINK_CORESIGHT_WriteAPDPReg(AP reg 0x01, 0x80011120)
T3DCAB780 000:600.489 - 0.172ms returns 0
T3DCAB780 000:600.495 JLINK_CORESIGHT_WriteAPDPReg(AP reg 0x03, 0x4F010001)
T3DCAB780 000:600.679 - 0.184ms returns 0
T3DCAB780 000:600.686 JLINK_CORESIGHT_WriteAPDPReg(AP reg 0x00, 0x80000002)
T3DCAB780 000:600.875 - 0.189ms returns 0
T3DCAB780 000:600.881 JLINK_CORESIGHT_WriteAPDPReg(AP reg 0x01, 0x80011140)
T3DCAB780 000:601.068 - 0.187ms returns 0
T3DCAB780 000:601.075 JLINK_CORESIGHT_ReadAPDPReg(AP reg 0x03)
T3DCAB780 000:601.365   Value=0x00000002
T3DCAB780 000:601.375 - 0.299ms returns 0
T3DCAB780 000:601.381 JLINK_CORESIGHT_WriteAPDPReg(AP reg 0x00, 0x80000002)
T3DCAB780 000:601.609 - 0.228ms returns 0
T3DCAB780 000:601.616 JLINK_CORESIGHT_WriteAPDPReg(AP reg 0x01, 0x80011120)
T3DCAB780 000:601.875 - 0.259ms returns 0
T3DCAB780 000:601.881 JLINK_CORESIGHT_WriteAPDPReg(AP reg 0x03, 0x000003B0)
T3DCAB780 000:602.045 - 0.164ms returns 0
T3DCAB780 000:602.051 JLINK_CORESIGHT_WriteAPDPReg(AP reg 0x00, 0x80000002)
T3DCAB780 000:602.322 - 0.271ms returns 0
T3DCAB780 000:602.329 JLINK_CORESIGHT_WriteAPDPReg(AP reg 0x01, 0x80011140)
T3DCAB780 000:602.521 - 0.192ms returns 0
T3DCAB780 000:602.528 JLINK_CORESIGHT_ReadAPDPReg(AP reg 0x03)
T3DCAB780 000:602.761   Value=0x00000002
T3DCAB780 000:602.771 - 0.243ms returns 0
T3DCAB780 000:602.778 JLINK_CORESIGHT_ReadAPDPReg(AP reg 0x03)
T3DCAB780 000:602.987   Value=0x00000002
T3DCAB780 000:602.997 - 0.220ms returns 0
T3DCAB780 000:603.003 JLINK_CORESIGHT_ReadAPDPReg(AP reg 0x03)
T3DCAB780 000:603.251   Value=0x00000002
T3DCAB780 000:603.260 - 0.257ms returns 0
T3DCAB780 000:603.266 JLINK_CORESIGHT_ReadAPDPReg(AP reg 0x03)
T3DCAB780 000:603.512   Value=0x00000002
T3DCAB780 000:603.521 - 0.255ms returns 0
T3DCAB780 000:603.527 JLINK_CORESIGHT_ReadAPDPReg(AP reg 0x03)
T3DCAB780 000:603.735   Value=0x00000002
T3DCAB780 000:603.744 - 0.216ms returns 0
T3DCAB780 000:603.750 JLINK_CORESIGHT_ReadAPDPReg(AP reg 0x03)
T3DCAB780 000:603.971   Value=0x00000002
T3DCAB780 000:603.979 - 0.229ms returns 0
T3DCAB780 000:603.986 JLINK_CORESIGHT_ReadAPDPReg(AP reg 0x03)
T3DCAB780 000:604.196   Value=0x00000002
T3DCAB780 000:604.206 - 0.221ms returns 0
T3DCAB780 000:604.212 JLINK_CORESIGHT_ReadAPDPReg(AP reg 0x03)
T3DCAB780 000:604.432   Value=0x00000002
T3DCAB780 000:604.441 - 0.229ms returns 0
T3DCAB780 000:604.447 JLINK_CORESIGHT_ReadAPDPReg(AP reg 0x03)
T3DCAB780 000:604.656   Value=0x00000002
T3DCAB780 000:604.665 - 0.218ms returns 0
T3DCAB780 000:604.671 JLINK_CORESIGHT_ReadAPDPReg(AP reg 0x03)
T3DCAB780 000:604.908   Value=0x00000002
T3DCAB780 000:604.917 - 0.246ms returns 0
T3DCAB780 000:604.923 JLINK_CORESIGHT_ReadAPDPReg(AP reg 0x03)
T3DCAB780 000:605.169   Value=0x00000002
T3DCAB780 000:605.177 - 0.254ms returns 0
T3DCAB780 000:605.183 JLINK_CORESIGHT_ReadAPDPReg(AP reg 0x03)
T3DCAB780 000:605.442   Value=0x00000002
T3DCAB780 000:605.452 - 0.268ms returns 0
T3DCAB780 000:605.458 JLINK_CORESIGHT_ReadAPDPReg(AP reg 0x03)
T3DCAB780 000:605.692   Value=0x00000002
T3DCAB780 000:605.701 - 0.243ms returns 0
T3DCAB780 000:605.708 JLINK_CORESIGHT_ReadAPDPReg(AP reg 0x03)
T3DCAB780 000:606.010   Value=0x00000002
T3DCAB780 000:606.019 - 0.312ms returns 0
T3DCAB780 000:606.026 JLINK_CORESIGHT_ReadAPDPReg(AP reg 0x03)
T3DCAB780 000:606.327   Value=0x00000002
T3DCAB780 000:606.336 - 0.311ms returns 0
T3DCAB780 000:606.343 JLINK_CORESIGHT_ReadAPDPReg(AP reg 0x03)
T3DCAB780 000:606.564   Value=0x00000000
T3DCAB780 000:606.573 - 0.230ms returns 0
T3DCAB780 000:606.580 JLINK_CORESIGHT_WriteAPDPReg(AP reg 0x00, 0x80000002)
T3DCAB780 000:606.773 - 0.193ms returns 0
T3DCAB780 000:606.781 JLINK_CORESIGHT_WriteAPDPReg(AP reg 0x01, 0x80011130)
T3DCAB780 000:607.044 - 0.264ms returns 0
T3DCAB780 000:607.052 JLINK_CORESIGHT_ReadAPDPReg(AP reg 0x03)
T3DCAB780 000:607.355   Value=0x4F0B0081
T3DCAB780 000:607.366 - 0.315ms returns 0
T3DCAB780 000:607.375 JLINK_CORESIGHT_WriteAPDPReg(AP reg 0x00, 0x80000002)
T3DCAB780 000:607.593 - 0.217ms returns 0
T3DCAB780 000:607.601 JLINK_CORESIGHT_WriteAPDPReg(AP reg 0x01, 0x80011140)
T3DCAB780 000:607.807 - 0.207ms returns 0
T3DCAB780 000:607.815 JLINK_CORESIGHT_ReadAPDPReg(AP reg 0x03)
T3DCAB780 000:608.030   Value=0x00000000
T3DCAB780 000:608.041 - 0.226ms returns 0
T3DCAB780 000:608.049 JLINK_CORESIGHT_WriteAPDPReg(AP reg 0x00, 0x80000002)
T3DCAB780 000:608.283 - 0.235ms returns 0
T3DCAB780 000:608.291 JLINK_CORESIGHT_WriteAPDPReg(AP reg 0x01, 0x80011130)
T3DCAB780 000:608.547 - 0.256ms returns 0
T3DCAB780 000:608.564 JLINK_CORESIGHT_ReadAPDPReg(AP reg 0x03)
T3DCAB780 000:608.843   Value=0xA0020000
T3DCAB780 000:608.852 - 0.288ms returns 0
T3DCAB780 000:608.859 JLINK_CORESIGHT_WriteAPDPReg(AP reg 0x00, 0x80000002)
T3DCAB780 000:609.022 - 0.162ms returns 0
T3DCAB780 000:609.030 JLINK_CORESIGHT_WriteAPDPReg(AP reg 0x01, 0x80011140)
T3DCAB780 000:609.330 - 0.301ms returns 0
T3DCAB780 000:609.337 JLINK_CORESIGHT_ReadAPDPReg(AP reg 0x03)
T3DCAB780 000:609.596   Value=0x00000000
T3DCAB780 000:609.605 - 0.268ms returns 0
T3DCAB780 000:609.613 JLINK_CORESIGHT_WriteAPDPReg(AP reg 0x00, 0x80000002)
T3DCAB780 000:609.810 - 0.197ms returns 0
T3DCAB780 000:609.818 JLINK_CORESIGHT_WriteAPDPReg(AP reg 0x01, 0x80011130)
T3DCAB780 000:610.026 - 0.209ms returns 0
T3DCAB780 000:610.034 JLINK_CORESIGHT_ReadAPDPReg(AP reg 0x03)
T3DCAB780 000:610.319   Value=0x00000000
T3DCAB780 000:610.327 - 0.293ms returns 0
T3DCAB780 000:610.336 JLINK_CORESIGHT_WriteAPDPReg(AP reg 0x00, 0x80000002)
T3DCAB780 000:610.522 - 0.187ms returns 0
T3DCAB780 000:610.529 JLINK_CORESIGHT_WriteAPDPReg(AP reg 0x01, 0x80011140)
T3DCAB780 000:610.718 - 0.188ms returns 0
T3DCAB780 000:610.726 JLINK_CORESIGHT_ReadAPDPReg(AP reg 0x03)
T3DCAB780 000:610.965   Value=0x00000000
T3DCAB780 000:610.974 - 0.248ms returns 0
T3DCAB780 000:610.982 JLINK_CORESIGHT_WriteAPDPReg(AP reg 0x00, 0x80000002)
T3DCAB780 000:611.192 - 0.211ms returns 0
T3DCAB780 000:611.200 JLINK_CORESIGHT_WriteAPDPReg(AP reg 0x01, 0x80011130)
T3DCAB780 000:611.385 - 0.185ms returns 0
T3DCAB780 000:611.392 JLINK_CORESIGHT_ReadAPDPReg(AP reg 0x03)
T3DCAB780 000:611.625   Value=0x03040000
T3DCAB780 000:611.633 - 0.241ms returns 0
T3DCAB780 000:611.734 JLINK_CORESIGHT_ReadAPDPReg(DP reg 0x01)
T3DCAB780 000:611.954   Value=0xF0000F40
T3DCAB780 000:611.966 - 0.233ms returns 0
T3DCAB780 000:611.972 JLINK_CORESIGHT_WriteAPDPReg(DP reg 0x01, 0xA0000F40)
T3DCAB780 000:612.160 - 0.187ms returns 0
T3DCAB780 000:612.167 JLINK_CORESIGHT_ReadAPDPReg(DP reg 0x01)
T3DCAB780 000:612.420   Value=0x00000F40
T3DCAB780 000:612.429 - 0.262ms returns 0
T3DCAB780 000:612.435 JLINK_ClrRESET()
T3DCAB780 000:612.676 - 0.241ms
T3DCAB780 000:721.990 JLINK_Close()
T3DCAB780 000:734.997 - 13.007ms
T3DCAB780 000:735.021   
T3DCAB780 000:735.025   Closed
